<?xml version="1.0" encoding="UTF-8"?>
<!-- Generated by org.testng.reporters.JUnitXMLReporter -->
<testsuite hostname="P3ALAP-8SRGRQ2" ignored="0" name="Test" tests="3" failures="0" timestamp="2021-02-14T22:08:20 IST" time="68.324" errors="0">
  <testcase name="testRegistraction" time="24.493" classname="testmeapp.tests.OnlineShoppingTest"/>
  <testcase name="testLogin" time="11.739" classname="testmeapp.tests.OnlineShoppingTest"/>
  <testcase name="testCart" time="0.004" classname="testmeapp.tests.OnlineShoppingTest"/>
</testsuite> <!-- Test -->
