<?xml version="1.0" encoding="UTF-8"?>
<testng-results ignored="0" total="2" passed="2" failed="0" skipped="0">
  <reporter-output>
  </reporter-output>
  <suite started-at="2021-04-21T12:51:28 IST" name="Suite" finished-at="2021-04-21T12:52:56 IST" duration-ms="88196">
    <groups>
    </groups>
    <test started-at="2021-04-21T12:51:28 IST" name="Test" finished-at="2021-04-21T12:52:56 IST" duration-ms="88196">
      <class name="onlineShopping.test.TestLogin">
        <test-method is-config="true" signature="setup()[pri:0, instance:onlineShopping.test.TestLogin@5e5d171f]" started-at="2021-04-21T12:51:28 IST" name="setup" finished-at="2021-04-21T12:51:32 IST" duration-ms="4056" status="PASS">
          <reporter-output>
          </reporter-output>
        </test-method> <!-- setup -->
        <test-method signature="Login()[pri:1, instance:onlineShopping.test.TestLogin@5e5d171f]" started-at="2021-04-21T12:51:32 IST" name="Login" finished-at="2021-04-21T12:52:55 IST" duration-ms="83512" status="PASS">
          <reporter-output>
          </reporter-output>
        </test-method> <!-- Login -->
        <test-method signature="Close()[pri:2, instance:onlineShopping.test.TestLogin@5e5d171f]" started-at="2021-04-21T12:52:55 IST" name="Close" finished-at="2021-04-21T12:52:56 IST" duration-ms="568" status="PASS">
          <reporter-output>
          </reporter-output>
        </test-method> <!-- Close -->
      </class> <!-- onlineShopping.test.TestLogin -->
    </test> <!-- Test -->
  </suite> <!-- Suite -->
</testng-results>
